<?xml version="1.0" encoding="UTF-8"?>
<testsuite xmlns:xsi="http://www.w3.org/2001/XMLSchema-instance" xsi:noNamespaceSchemaLocation="https://maven.apache.org/surefire/maven-surefire-plugin/xsd/surefire-test-report.xsd" name="ru.chislab.fireSystemTester.consoleUserInterfaces.ConsoleUIManagerTest" time="0.141" tests="7" errors="0" skipped="0" failures="0">
  <properties>
[...]
</properties>
  <testcase name="changeZoneStateTest" classname="ru.chislab.fireSystemTester.consoleUserInterfaces.ConsoleUIManagerTest" time="0.108"/>
  <testcase name="showStartMenuTest" classname="ru.chislab.fireSystemTester.consoleUserInterfaces.ConsoleUIManagerTest" time="0.003"/>
  <testcase name="enterToAvailableFromStorageChaptersMenuTest" classname="ru.chislab.fireSystemTester.consoleUserInterfaces.ConsoleUIManagerTest" time="0.007"/>
  <testcase name="enterToChapterMenuTest" classname="ru.chislab.fireSystemTester.consoleUserInterfaces.ConsoleUIManagerTest" time="0.005"/>
  <testcase name="enterToReadingFromDeviceChaptersMenuTest" classname="ru.chislab.fireSystemTester.consoleUserInterfaces.ConsoleUIManagerTest" time="0.004"/>
  <testcase name="enterToZoneStateMenuTest" classname="ru.chislab.fireSystemTester.consoleUserInterfaces.ConsoleUIManagerTest" time="0.005"/>
  <testcase name="enterToZoneMenuTest" classname="ru.chislab.fireSystemTester.consoleUserInterfaces.ConsoleUIManagerTest" time="0.004"/>
</testsuite>